check_exception old: 0x0 new 0xe
     1: v=0e e=0000 i=0 cpl=0 IP=0008:c0101274 pc=c0101274 SP=0010:c0105fe0 CR2=000caa70
EAX=00000005 EBX=00009500 ECX=00000000 EDX=00000000
ESI=00000000 EDI=00108000 EBP=c0105ff8 ESP=c0105fe0
EIP=c0101274 EFL=00000282 [--S----] CPL=0 II=0 A20=1 SMM=0 HLT=0
ES =0010 00000000 ffffffff 00cf9300 DPL=0 DS   [-WA]
CS =0008 00000000 ffffffff 00cf9a00 DPL=0 CS32 [-R-]
SS =0010 00000000 ffffffff 00cf9300 DPL=0 DS   [-WA]
DS =0010 00000000 ffffffff 00cf9300 DPL=0 DS   [-WA]
FS =0010 00000000 ffffffff 00cf9300 DPL=0 DS   [-WA]
GS =0010 00000000 ffffffff 00cf9300 DPL=0 DS   [-WA]
LDT=0000 00000000 0000ffff 00008200 DPL=0 LDT
TR =0000 00000000 0000ffff 00008b00 DPL=0 TSS32-busy
GDT=     000caa68 00000027
IDT=     c0106020 000007ff
CR0=80000011 CR2=000caa70 CR3=00102000 CR4=00000010
DR0=00000000 DR1=00000000 DR2=00000000 DR3=00000000 
DR6=ffff0ff0 DR7=00000400
CCS=00000010 CCD=c0105fe0 CCO=ADDL    
EFER=0000000000000000
check_exception old: 0xe new 0xe
     2: v=08 e=0000 i=0 cpl=0 IP=0008:c0101274 pc=c0101274 SP=0010:c0105fe0 env->regs[R_EAX]=00000005
EAX=00000005 EBX=00009500 ECX=00000000 EDX=00000000
ESI=00000000 EDI=00108000 EBP=c0105ff8 ESP=c0105fe0
EIP=c0101274 EFL=00000282 [--S----] CPL=0 II=0 A20=1 SMM=0 HLT=0
ES =0010 00000000 ffffffff 00cf9300 DPL=0 DS   [-WA]
CS =0008 00000000 ffffffff 00cf9a00 DPL=0 CS32 [-R-]
SS =0010 00000000 ffffffff 00cf9300 DPL=0 DS   [-WA]
DS =0010 00000000 ffffffff 00cf9300 DPL=0 DS   [-WA]
FS =0010 00000000 ffffffff 00cf9300 DPL=0 DS   [-WA]
GS =0010 00000000 ffffffff 00cf9300 DPL=0 DS   [-WA]
LDT=0000 00000000 0000ffff 00008200 DPL=0 LDT
TR =0000 00000000 0000ffff 00008b00 DPL=0 TSS32-busy
GDT=     000caa68 00000027
IDT=     c0106020 000007ff
CR0=80000011 CR2=000caa70 CR3=00102000 CR4=00000010
DR0=00000000 DR1=00000000 DR2=00000000 DR3=00000000 
DR6=ffff0ff0 DR7=00000400
CCS=00000010 CCD=c0105fe0 CCO=ADDL    
EFER=0000000000000000
check_exception old: 0x8 new 0xe
